
> pricer-frontend@0.0.1 dev
> vite --host 127.0.0.1

Port 5177 is in use, trying another one...
Port 5178 is in use, trying another one...

  [32m[1mVITE[22m v5.4.21[39m  [2mready in [0m[1m679[22m[2m[0m ms[22m

  [32m➜[39m  [1mLocal[22m:   [36mhttp://127.0.0.1:[1m5179[22m/[39m
[2m[32m  ➜[39m[22m[2m  press [22m[1mh + enter[22m[2m to show help[22m
[2m01:27:38[22m [36m[1m[vite][22m[39m [32mvite.config.ts changed, restarting server...[39m
[2m01:27:39[22m [36m[1m[vite][22m[39m server restarted.
[2m01:33:31[22m [36m[1m[vite][22m[39m [32m.env changed, restarting server...[39m
[2m01:33:31[22m [36m[1m[vite][22m[39m server restarted.
[2m01:36:49[22m [36m[1m[vite][22m[39m [32m.env changed, restarting server...[39m
[2m01:36:49[22m [36m[1m[vite][22m[39m server restarted.
[2m01:39:35[22m [36m[1m[vite][22m[39m [32mvite.config.ts changed, restarting server...[39m
[2m01:39:35[22m [36m[1m[vite][22m[39m [32m.env changed, restarting server...[39m
[2m01:39:35[22m [36m[1m[vite][22m[39m server restarted.
[2m01:43:52[22m [36m[1m[vite][22m[39m [32mvite.config.ts changed, restarting server...[39m
[2m01:43:52[22m [36m[1m[vite][22m[39m [32m.env changed, restarting server...[39m
[2m01:43:53[22m [36m[1m[vite][22m[39m server restarted.
[2m02:01:50[22m [36m[1m[vite][22m[39m [32mvite.config.ts changed, restarting server...[39m
[2m02:01:50[22m [36m[1m[vite][22m[39m [32m.env changed, restarting server...[39m
[2m02:01:50[22m [36m[1m[vite][22m[39m server restarted.
[2m02:09:45[22m [36m[1m[vite][22m[39m [32mvite.config.ts changed, restarting server...[39m
[2m02:09:46[22m [36m[1m[vite][22m[39m server restarted.
[2m02:09:46[22m [36m[1m[vite][22m[39m [32m.env changed, restarting server...[39m
[2m02:09:46[22m [36m[1m[vite][22m[39m server restarted.
[2m02:10:43[22m [36m[1m[vite][22m[39m [32mvite.config.ts changed, restarting server...[39m
[2m02:10:43[22m [36m[1m[vite][22m[39m server restarted.
[2m02:12:21[22m [36m[1m[vite][22m[39m [32mvite.config.ts changed, restarting server...[39m
[2m02:12:21[22m [36m[1m[vite][22m[39m server restarted.
[2m02:12:22[22m [36m[1m[vite][22m[39m [32m.env changed, restarting server...[39m
[2m02:12:22[22m [36m[1m[vite][22m[39m server restarted.
[2m09:45:27[22m [36m[1m[vite][22m[39m [32mvite.config.ts changed, restarting server...[39m
[2m09:45:27[22m [36m[1m[vite][22m[39m [32m.env changed, restarting server...[39m
[2m09:45:28[22m [36m[1m[vite][22m[39m server restarted.
[2m14:41:01[22m [36m[1m[vite][22m[39m [32mvite.config.ts changed, restarting server...[39m
[2m14:41:01[22m [36m[1m[vite][22m[39m [32m.env changed, restarting server...[39m
[2m14:41:02[22m [36m[1m[vite][22m[39m server restarted.
[2m15:33:49[22m [36m[1m[vite][22m[39m [32mvite.config.ts changed, restarting server...[39m
[2m15:33:49[22m [36m[1m[vite][22m[39m [32m.env changed, restarting server...[39m
[2m15:33:50[22m [36m[1m[vite][22m[39m server restarted.
[2m15:41:37[22m [36m[1m[vite][22m[39m [32mvite.config.ts changed, restarting server...[39m
[2m15:41:37[22m [36m[1m[vite][22m[39m [32mvite.config.ts changed, restarting server...[39m
[2m15:41:37[22m [36m[1m[vite][22m[39m [32m.env changed, restarting server...[39m
[2m15:41:37[22m [36m[1m[vite][22m[39m server restarted.
[2m15:58:41[22m [36m[1m[vite][22m[39m [32mvite.config.ts changed, restarting server...[39m
[2m15:58:41[22m [36m[1m[vite][22m[39m [32m.env changed, restarting server...[39m
[2m15:58:42[22m [36m[1m[vite][22m[39m server restarted.
[2m16:04:45[22m [36m[1m[vite][22m[39m [32mvite.config.ts changed, restarting server...[39m
[2m16:04:45[22m [36m[1m[vite][22m[39m [32m.env changed, restarting server...[39m
[2m16:04:45[22m [36m[1m[vite][22m[39m server restarted.
[2m16:04:51[22m [36m[1m[vite][22m[39m [32mvite.config.ts changed, restarting server...[39m
[2m16:04:51[22m [36m[1m[vite][22m[39m [32m.env changed, restarting server...[39m
[2m16:04:52[22m [36m[1m[vite][22m[39m server restarted.
[2m16:05:11[22m [36m[1m[vite][22m[39m [32mvite.config.ts changed, restarting server...[39m
[2m16:05:11[22m [36m[1m[vite][22m[39m server restarted.
[2m16:05:11[22m [36m[1m[vite][22m[39m [32m.env changed, restarting server...[39m
[2m16:05:11[22m [36m[1m[vite][22m[39m server restarted.
[2m18:11:58[22m [36m[1m[vite][22m[39m [32mvite.config.ts changed, restarting server...[39m
[2m18:11:58[22m [36m[1m[vite][22m[39m [32mvite.config.ts changed, restarting server...[39m
[2m18:11:58[22m [36m[1m[vite][22m[39m [32m.env changed, restarting server...[39m
[2m18:11:59[22m [36m[1m[vite][22m[39m server restarted.
[2m18:22:39[22m [36m[1m[vite][22m[39m [32mvite.config.ts changed, restarting server...[39m
[2m18:22:39[22m [36m[1m[vite][22m[39m [32m.env changed, restarting server...[39m
[2m18:22:39[22m [36m[1m[vite][22m[39m server restarted.
[2m20:04:47[22m [36m[1m[vite][22m[39m [32mvite.config.ts changed, restarting server...[39m
[2m20:04:47[22m [36m[1m[vite][22m[39m [32m.env changed, restarting server...[39m
[2m20:04:48[22m [36m[1m[vite][22m[39m server restarted.
[2m14:42:45[22m [36m[1m[vite][22m[39m [32m.env changed, restarting server...[39m
[2m14:42:45[22m [36m[1m[vite][22m[39m [32m.env changed, restarting server...[39m
[2m14:42:45[22m [36m[1m[vite][22m[39m [32mvite.config.ts changed, restarting server...[39m
[2m14:42:47[22m [36m[1m[vite][22m[39m server restarted.
[2m13:33:24[22m [36m[1m[vite][22m[39m [32m.env changed, restarting server...[39m
[2m13:33:24[22m [36m[1m[vite][22m[39m [32mvite.config.ts changed, restarting server...[39m
[2m13:33:34[22m [36m[1m[vite][22m[39m server restarted.
[2m13:57:19[22m [36m[1m[vite][22m[39m [32m.env changed, restarting server...[39m
[2m13:57:19[22m [36m[1m[vite][22m[39m [32mvite.config.ts changed, restarting server...[39m
[2m13:57:19[22m [36m[1m[vite][22m[39m [32m.env changed, restarting server...[39m
[2m13:57:20[22m [36m[1m[vite][22m[39m server restarted.
[2m11:33:01[22m [36m[1m[vite][22m[39m [32m.env changed, restarting server...[39m
[2m11:33:02[22m [36m[1m[vite][22m[39m [32mvite.config.ts changed, restarting server...[39m
[2m11:33:02[22m [36m[1m[vite][22m[39m [32m.env changed, restarting server...[39m
[2m11:33:02[22m [36m[1m[vite][22m[39m server restarted.
