
> pricer-frontend@0.0.1 dev
> vite --host 127.0.0.1


  [32m[1mVITE[22m v5.4.21[39m  [2mready in [0m[1m590[22m[2m[0m ms[22m

  [32m➜[39m  [1mLocal[22m:   [36mhttp://127.0.0.1:[1m5177[22m/[39m
[2m16:21:33[22m [36m[1m[vite][22m[39m [32mhmr update [39m[2m/src/App.tsx[22m
[2m16:21:43[22m [36m[1m[vite][22m[39m [32mhmr update [39m[2m/src/App.tsx[22m
[2m16:21:52[22m [36m[1m[vite][22m[39m [32mhmr update [39m[2m/src/App.tsx[22m
[2m16:22:03[22m [36m[1m[vite][22m[39m [32mhmr update [39m[2m/src/App.tsx[22m
[2m16:23:43[22m [36m[1m[vite][22m[39m [32mhmr update [39m[2m/src/App.tsx[22m
[2m16:26:03[22m [36m[1m[vite][22m[39m [32mhmr update [39m[2m/src/App.tsx[22m
[2m16:26:08[22m [36m[1m[vite][22m[39m [32mhmr update [39m[2m/src/App.tsx[22m
[2m16:26:13[22m [36m[1m[vite][22m[39m [32mhmr update [39m[2m/src/App.tsx[22m
[2m16:28:33[22m [36m[1m[vite][22m[39m [32mhmr update [39m[2m/src/App.tsx[22m
[2m16:28:44[22m [36m[1m[vite][22m[39m [32mhmr update [39m[2m/src/App.tsx[22m
[2m16:29:12[22m [36m[1m[vite][22m[39m [32mhmr update [39m[2m/src/App.tsx[22m
[2m16:29:56[22m [36m[1m[vite][22m[39m [32mhmr update [39m[2m/src/App.tsx[22m
[2m16:30:09[22m [36m[1m[vite][22m[39m [32mhmr update [39m[2m/src/App.tsx[22m
[2m00:50:35[22m [36m[1m[vite][22m[39m [32mhmr update [39m[2m/src/App.tsx[22m
[2m00:51:44[22m [36m[1m[vite][22m[39m [32mhmr update [39m[2m/src/App.tsx[22m
[2m00:52:20[22m [36m[1m[vite][22m[39m [32mhmr update [39m[2m/src/App.tsx[22m
[2m00:52:47[22m [36m[1m[vite][22m[39m [32mhmr update [39m[2m/src/App.tsx[22m
[2m00:53:12[22m [36m[1m[vite][22m[39m [32mhmr update [39m[2m/src/App.tsx[22m
[2m00:53:21[22m [36m[1m[vite][22m[39m [32mhmr update [39m[2m/src/App.tsx[22m
[2m00:53:36[22m [36m[1m[vite][22m[39m [32mhmr update [39m[2m/src/App.tsx[22m
[2m00:55:18[22m [36m[1m[vite][22m[39m [32mhmr update [39m[2m/src/App.tsx[22m
[2m00:55:18[22m [36m[1m[vite][22m[39m [32mhmr update [39m[2m/src/App.tsx[22m
[2m00:58:54[22m [36m[1m[vite][22m[39m [32mhmr update [39m[2m/src/App.tsx[22m
[2m00:58:54[22m [36m[1m[vite][22m[39m [32mhmr update [39m[2m/src/App.tsx[22m
[2m01:05:42[22m [36m[1m[vite][22m[39m [32mhmr update [39m[2m/src/App.tsx[22m
[2m01:05:56[22m [36m[1m[vite][22m[39m [32mhmr update [39m[2m/src/App.tsx[22m
[2m01:06:10[22m [36m[1m[vite][22m[39m [32mhmr update [39m[2m/src/App.tsx[22m
[2m01:06:33[22m [36m[1m[vite][22m[39m [32mhmr update [39m[2m/src/App.tsx[22m
[2m01:06:41[22m [36m[1m[vite][22m[39m [32mhmr update [39m[2m/src/App.tsx[22m
[2m01:06:47[22m [36m[1m[vite][22m[39m [32mhmr update [39m[2m/src/components/BamInterpolationComparisonTable.tsx[22m
[2m01:07:14[22m [36m[1m[vite][22m[39m [32mhmr update [39m[2m/src/components/BamInterpolationComparisonTable.tsx[22m
[2m01:08:00[22m [36m[1m[vite][22m[39m [32mhmr update [39m[2m/src/App.tsx[22m
[2m01:09:03[22m [36m[1m[vite][22m[39m [32mhmr update [39m[2m/src/App.tsx[22m
[2m01:09:17[22m [36m[1m[vite][22m[39m [32mhmr update [39m[2m/src/App.tsx[22m
[2m01:09:33[22m [36m[1m[vite][22m[39m [32mhmr update [39m[2m/src/App.tsx[22m
[2m01:09:54[22m [36m[1m[vite][22m[39m [32mhmr update [39m[2m/src/App.tsx[22m
[2m01:10:04[22m [36m[1m[vite][22m[39m [32mhmr update [39m[2m/src/App.tsx[22m
[2m01:10:09[22m [36m[1m[vite][22m[39m [32mhmr update [39m[2m/src/components/BamInterpolationComparisonTable.tsx[22m
[2m01:10:59[22m [36m[1m[vite][22m[39m [32mhmr update [39m[2m/src/components/BamInterpolationComparisonTable.tsx[22m
[2m01:21:16[22m [36m[1m[vite][22m[39m [32mhmr update [39m[2m/src/App.tsx[22m
[2m01:21:27[22m [36m[1m[vite][22m[39m [32mhmr update [39m[2m/src/App.tsx[22m
[2m01:21:44[22m [36m[1m[vite][22m[39m [32mhmr update [39m[2m/src/App.tsx[22m
[2m01:22:08[22m [36m[1m[vite][22m[39m [32mhmr update [39m[2m/src/App.tsx[22m
[2m01:35:43[22m [36m[1m[vite][22m[39m [32mhmr update [39m[2m/src/App.tsx[22m
[2m01:35:49[22m [36m[1m[vite][22m[39m [32mhmr update [39m[2m/src/App.tsx[22m
[2m02:22:00[22m [36m[1m[vite][22m[39m [32mhmr update [39m[2m/src/App.tsx[22m
[2m02:24:30[22m [36m[1m[vite][22m[39m [32mhmr update [39m[2m/src/App.tsx[22m
[2m02:25:57[22m [36m[1m[vite][22m[39m [32mhmr update [39m[2m/src/App.tsx[22m
[2m02:27:27[22m [36m[1m[vite][22m[39m [32mhmr update [39m[2m/src/App.tsx[22m
[2m02:28:18[22m [36m[1m[vite][22m[39m [32mhmr update [39m[2m/src/App.tsx[22m
[2m02:31:13[22m [36m[1m[vite][22m[39m [32mhmr update [39m[2m/src/index.css[22m
[2m02:32:57[22m [36m[1m[vite][22m[39m [32mhmr update [39m[2m/src/index.css[22m
[2m02:35:02[22m [36m[1m[vite][22m[39m [32mhmr update [39m[2m/src/index.css[22m
[2m02:38:54[22m [36m[1m[vite][22m[39m [32mhmr update [39m[2m/src/components/BamInterpolationComparisonTable.tsx[22m
[2m02:41:07[22m [36m[1m[vite][22m[39m [32mhmr update [39m[2m/src/App.tsx[22m
[2m02:41:17[22m [36m[1m[vite][22m[39m [32mhmr update [39m[2m/src/App.tsx[22m
[2m02:47:00[22m [36m[1m[vite][22m[39m [32mhmr update [39m[2m/src/App.tsx[22m
[2m02:51:48[22m [36m[1m[vite][22m[39m [32mhmr update [39m[2m/src/App.tsx[22m
[2m09:46:01[22m [36m[1m[vite][22m[39m [32mhmr update [39m[2m/src/App.tsx[22m
[2m09:49:06[22m [36m[1m[vite][22m[39m [32mhmr update [39m[2m/src/App.tsx[22m
[2m09:58:44[22m [36m[1m[vite][22m[39m [32mhmr update [39m[2m/src/App.tsx[22m
[2m09:58:52[22m [36m[1m[vite][22m[39m [32mhmr update [39m[2m/src/App.tsx[22m
[2m09:58:59[22m [36m[1m[vite][22m[39m [32mhmr update [39m[2m/src/App.tsx[22m
[2m09:59:14[22m [36m[1m[vite][22m[39m [32mhmr update [39m[2m/src/index.css[22m
[2m10:02:11[22m [36m[1m[vite][22m[39m [32mhmr update [39m[2m/src/index.css[22m
[2m10:02:25[22m [36m[1m[vite][22m[39m [32mhmr update [39m[2m/src/App.tsx[22m
[2m10:04:13[22m [36m[1m[vite][22m[39m [32mhmr update [39m[2m/src/index.css[22m
[2m10:08:35[22m [36m[1m[vite][22m[39m [32mhmr update [39m[2m/src/index.css[22m
[2m10:08:40[22m [36m[1m[vite][22m[39m [32mhmr update [39m[2m/src/index.css[22m
[2m10:16:49[22m [36m[1m[vite][22m[39m [32mhmr update [39m[2m/src/index.css[22m
[2m10:17:21[22m [36m[1m[vite][22m[39m [32mhmr update [39m[2m/src/App.tsx[22m
[2m10:22:10[22m [36m[1m[vite][22m[39m [32mhmr update [39m[2m/src/App.tsx[22m
[2m10:22:53[22m [36m[1m[vite][22m[39m [32mhmr update [39m[2m/src/App.tsx[22m
[2m16:07:17[22m [36m[1m[vite][22m[39m [32mhmr update [39m[2m/src/App.tsx[22m
[2m16:07:25[22m [36m[1m[vite][22m[39m [32mhmr update [39m[2m/src/App.tsx[22m
[2m16:07:52[22m [36m[1m[vite][22m[39m [32mhmr update [39m[2m/src/App.tsx[22m
[2m16:08:01[22m [36m[1m[vite][22m[39m [32mhmr update [39m[2m/src/App.tsx[22m
[2m16:08:12[22m [36m[1m[vite][22m[39m [32mhmr update [39m[2m/src/App.tsx[22m
[2m16:10:01[22m [36m[1m[vite][22m[39m [32mhmr update [39m[2m/src/App.tsx[22m
[2m16:10:17[22m [36m[1m[vite][22m[39m [32mhmr update [39m[2m/src/index.css[22m
[2m17:01:49[22m [36m[1m[vite][22m[39m [32mhmr update [39m[2m/src/App.tsx[22m
[2m17:01:49[22m [36m[1m[vite][22m[39m [32mhmr update [39m[2m/src/App.tsx[22m
[2m17:02:02[22m [36m[1m[vite][22m[39m [32mhmr update [39m[2m/src/App.tsx[22m
[2m17:02:28[22m [36m[1m[vite][22m[39m [32mhmr update [39m[2m/src/App.tsx[22m
[2m17:02:45[22m [36m[1m[vite][22m[39m [32mhmr update [39m[2m/src/index.css[22m
[2m19:15:52[22m [36m[1m[vite][22m[39m [32mhmr update [39m[2m/src/App.tsx[22m
[2m19:15:53[22m [36m[1m[vite][22m[39m [32mhmr update [39m[2m/src/App.tsx[22m
[2m19:15:53[22m [36m[1m[vite][22m[39m [32mhmr update [39m[2m/src/App.tsx[22m
[2m19:42:27[22m [36m[1m[vite][22m[39m [32mhmr update [39m[2m/src/App.tsx[22m
[2m19:42:36[22m [36m[1m[vite][22m[39m [32mhmr update [39m[2m/src/App.tsx[22m
[2m19:42:42[22m [36m[1m[vite][22m[39m [32mhmr update [39m[2m/src/App.tsx[22m
[2m19:42:52[22m [36m[1m[vite][22m[39m [32mhmr update [39m[2m/src/App.tsx[22m
[2m19:53:24[22m [36m[1m[vite][22m[39m [32mhmr update [39m[2m/src/App.tsx[22m
[2m19:53:29[22m [36m[1m[vite][22m[39m [32mhmr update [39m[2m/src/App.tsx[22m
[2m20:12:59[22m [36m[1m[vite][22m[39m [32mhmr update [39m[2m/src/App.tsx[22m
[2m20:13:12[22m [36m[1m[vite][22m[39m [32mhmr update [39m[2m/src/App.tsx[22m
[2m20:13:16[22m [36m[1m[vite][22m[39m [32mhmr update [39m[2m/src/App.tsx[22m
[2m20:13:32[22m [36m[1m[vite][22m[39m [32mhmr update [39m[2m/src/App.tsx[22m
[2m20:13:48[22m [36m[1m[vite][22m[39m [32mhmr update [39m[2m/src/App.tsx[22m
[2m20:13:56[22m [36m[1m[vite][22m[39m [32mhmr update [39m[2m/src/App.tsx[22m
[2m20:53:12[22m [36m[1m[vite][22m[39m [32mhmr update [39m[2m/src/App.tsx[22m
[2m20:53:51[22m [36m[1m[vite][22m[39m [32mhmr update [39m[2m/src/App.tsx[22m
[2m20:54:35[22m [36m[1m[vite][22m[39m [32mhmr update [39m[2m/src/App.tsx[22m
[2m20:54:40[22m [36m[1m[vite][22m[39m [32mhmr update [39m[2m/src/App.tsx[22m
[2m20:54:49[22m [36m[1m[vite][22m[39m [32mhmr update [39m[2m/src/App.tsx[22m
[2m23:25:03[22m [36m[1m[vite][22m[39m [32mhmr update [39m[2m/src/App.tsx[22m
[2m00:04:52[22m [36m[1m[vite][22m[39m [32mhmr update [39m[2m/src/App.tsx[22m
[2m00:05:10[22m [36m[1m[vite][22m[39m [32mhmr update [39m[2m/src/App.tsx[22m
[2m00:13:43[22m [36m[1m[vite][22m[39m [32mhmr update [39m[2m/src/App.tsx[22m
[2m00:13:51[22m [36m[1m[vite][22m[39m [32mhmr update [39m[2m/src/App.tsx[22m
[2m01:07:31[22m [36m[1m[vite][22m[39m [32mhmr update [39m[2m/src/App.tsx[22m
[2m01:07:31[22m [36m[1m[vite][22m[39m [32mhmr update [39m[2m/src/App.tsx[22m
[2m01:33:24[22m [36m[1m[vite][22m[39m [32mhmr update [39m[2m/src/App.tsx[22m
[2m01:33:24[22m [36m[1m[vite][22m[39m [32mhmr update [39m[2m/src/App.tsx[22m
[2m15:29:08[22m [36m[1m[vite][22m[39m [32mhmr update [39m[2m/src/App.tsx[22m
[2m15:29:08[22m [36m[1m[vite][22m[39m [32mhmr update [39m[2m/src/App.tsx[22m
[2m15:29:08[22m [36m[1m[vite][22m[39m [32mhmr update [39m[2m/src/App.tsx[22m
[2m15:30:05[22m [36m[1m[vite][22m[39m [32mhmr update [39m[2m/src/App.tsx[22m
[2m15:30:05[22m [36m[1m[vite][22m[39m [32mhmr update [39m[2m/src/App.tsx[22m
[2m15:31:31[22m [36m[1m[vite][22m[39m [32mhmr update [39m[2m/src/App.tsx[22m
[2m15:31:31[22m [36m[1m[vite][22m[39m [32mhmr update [39m[2m/src/App.tsx[22m
[2m15:38:22[22m [36m[1m[vite][22m[39m [32mhmr update [39m[2m/src/App.tsx[22m
[2m15:38:22[22m [36m[1m[vite][22m[39m [32mhmr update [39m[2m/src/App.tsx[22m
[2m15:40:13[22m [36m[1m[vite][22m[39m [32mhmr update [39m[2m/src/App.tsx[22m
[2m15:40:13[22m [36m[1m[vite][22m[39m [32mhmr update [39m[2m/src/App.tsx[22m
[2m15:40:13[22m [36m[1m[vite][22m[39m [32mhmr update [39m[2m/src/App.tsx[22m
[2m15:40:49[22m [36m[1m[vite][22m[39m [32mhmr update [39m[2m/src/App.tsx[22m
[2m15:40:49[22m [36m[1m[vite][22m[39m [32mhmr update [39m[2m/src/App.tsx[22m
[2m15:43:36[22m [36m[1m[vite][22m[39m [32mhmr update [39m[2m/src/App.tsx[22m
[2m15:43:36[22m [36m[1m[vite][22m[39m [32mhmr update [39m[2m/src/App.tsx[22m
[2m15:44:21[22m [36m[1m[vite][22m[39m [32mhmr update [39m[2m/src/App.tsx[22m
[2m15:44:21[22m [36m[1m[vite][22m[39m [32mhmr update [39m[2m/src/App.tsx[22m
[2m15:59:29[22m [36m[1m[vite][22m[39m [32mhmr update [39m[2m/src/App.tsx[22m
[2m15:59:29[22m [36m[1m[vite][22m[39m [32mhmr update [39m[2m/src/App.tsx[22m
[2m02:27:56[22m [36m[1m[vite][22m[39m [32mhmr update [39m[2m/src/App.tsx[22m
[2m02:27:57[22m [36m[1m[vite][22m[39m [32mhmr update [39m[2m/src/App.tsx[22m
[2m02:41:34[22m [36m[1m[vite][22m[39m [32mhmr update [39m[2m/src/App.tsx[22m
[2m02:41:35[22m [36m[1m[vite][22m[39m [32mhmr update [39m[2m/src/App.tsx[22m
[2m04:00:06[22m [36m[1m[vite][22m[39m [32mhmr update [39m[2m/src/App.tsx[22m
[2m04:00:06[22m [36m[1m[vite][22m[39m [32mhmr update [39m[2m/src/App.tsx[22m
[2m04:00:07[22m [36m[1m[vite][22m[39m [32mhmr update [39m[2m/src/App.tsx[22m
[2m01:41:18[22m [36m[1m[vite][22m[39m [32mhmr update [39m[2m/src/App.tsx[22m
[2m01:41:22[22m [36m[1m[vite][22m[39m [32mhmr update [39m[2m/src/App.tsx[22m
[2m01:41:31[22m [36m[1m[vite][22m[39m [32mhmr update [39m[2m/src/App.tsx[22m
[2m01:41:36[22m [36m[1m[vite][22m[39m [32mhmr update [39m[2m/src/App.tsx[22m
[2m01:41:44[22m [36m[1m[vite][22m[39m [32mhmr update [39m[2m/src/App.tsx[22m
[2m01:43:29[22m [36m[1m[vite][22m[39m [32mhmr update [39m[2m/src/App.tsx[22m
[2m01:43:29[22m [36m[1m[vite][22m[39m [32mhmr update [39m[2m/src/App.tsx[22m
[2m03:42:03[22m [36m[1m[vite][22m[39m [32mhmr update [39m[2m/src/App.tsx[22m
[2m03:42:03[22m [36m[1m[vite][22m[39m [32mhmr update [39m[2m/src/App.tsx[22m
[2m03:43:38[22m [36m[1m[vite][22m[39m [32mhmr update [39m[2m/src/App.tsx[22m
[2m12:04:19[22m [36m[1m[vite][22m[39m [32mhmr update [39m[2m/src/App.tsx[22m
[2m12:04:25[22m [36m[1m[vite][22m[39m [32mhmr update [39m[2m/src/App.tsx[22m
[2m13:40:41[22m [36m[1m[vite][22m[39m [32mhmr update [39m[2m/src/App.tsx[22m
[2m13:40:41[22m [36m[1m[vite][22m[39m [32mhmr update [39m[2m/src/App.tsx[22m
[2m13:40:48[22m [36m[1m[vite][22m[39m [32mhmr update [39m[2m/src/App.tsx[22m
[2m13:47:35[22m [36m[1m[vite][22m[39m [32mhmr update [39m[2m/src/App.tsx[22m
[2m13:47:37[22m [36m[1m[vite][22m[39m [32mhmr update [39m[2m/src/App.tsx[22m
[2m13:47:44[22m [36m[1m[vite][22m[39m [32mhmr update [39m[2m/src/App.tsx[22m
[2m13:47:45[22m [36m[1m[vite][22m[39m [32mhmr update [39m[2m/src/App.tsx[22m
[2m13:47:48[22m [36m[1m[vite][22m[39m [32mhmr update [39m[2m/src/App.tsx[22m
[2m13:47:49[22m [36m[1m[vite][22m[39m [32mhmr update [39m[2m/src/App.tsx[22m
[2m13:47:51[22m [36m[1m[vite][22m[39m [32mhmr update [39m[2m/src/App.tsx[22m
[2m13:47:53[22m [36m[1m[vite][22m[39m [32mhmr update [39m[2m/src/App.tsx[22m
[2m13:47:56[22m [36m[1m[vite][22m[39m [32mhmr update [39m[2m/src/App.tsx[22m
[2m13:48:09[22m [36m[1m[vite][22m[39m [32mhmr update [39m[2m/src/App.tsx[22m
[2m14:22:09[22m [36m[1m[vite][22m[39m [32mhmr update [39m[2m/src/App.tsx[22m
[2m14:22:09[22m [36m[1m[vite][22m[39m [32mhmr update [39m[2m/src/App.tsx[22m
[2m14:32:21[22m [36m[1m[vite][22m[39m [32mhmr update [39m[2m/src/App.tsx[22m
[2m14:32:29[22m [36m[1m[vite][22m[39m [32mhmr update [39m[2m/src/App.tsx[22m
[2m14:39:13[22m [36m[1m[vite][22m[39m [32mhmr update [39m[2m/src/App.tsx[22m
[2m14:59:09[22m [36m[1m[vite][22m[39m [32mhmr update [39m[2m/src/App.tsx[22m
[2m14:59:09[22m [36m[1m[vite][22m[39m [32mhmr update [39m[2m/src/App.tsx[22m
[2m14:59:09[22m [36m[1m[vite][22m[39m [32mhmr update [39m[2m/src/App.tsx[22m
[2m15:07:28[22m [36m[1m[vite][22m[39m [32mhmr update [39m[2m/src/App.tsx[22m
[2m15:07:28[22m [36m[1m[vite][22m[39m [32mhmr update [39m[2m/src/App.tsx[22m
[2m23:16:47[22m [36m[1m[vite][22m[39m [32mhmr update [39m[2m/src/App.tsx[22m
[2m23:16:47[22m [36m[1m[vite][22m[39m [32mhmr update [39m[2m/src/App.tsx[22m
[2m23:16:49[22m [36m[1m[vite][22m[39m [32mhmr update [39m[2m/src/App.tsx[22m
[2m23:19:51[22m [36m[1m[vite][22m[39m [32mhmr update [39m[2m/src/App.tsx[22m
[2m23:19:52[22m [36m[1m[vite][22m[39m [32mhmr update [39m[2m/src/App.tsx[22m
[2m23:21:47[22m [36m[1m[vite][22m[39m [32mhmr update [39m[2m/src/App.tsx[22m
[2m23:21:48[22m [36m[1m[vite][22m[39m [32mhmr update [39m[2m/src/App.tsx[22m
[2m23:21:53[22m [36m[1m[vite][22m[39m [32mhmr update [39m[2m/src/App.tsx[22m
[2m23:21:54[22m [36m[1m[vite][22m[39m [32mhmr update [39m[2m/src/App.tsx[22m
[2m23:35:59[22m [36m[1m[vite][22m[39m [32mhmr update [39m[2m/src/App.tsx[22m
[2m23:36:02[22m [36m[1m[vite][22m[39m [32mhmr update [39m[2m/src/App.tsx[22m
[2m23:36:06[22m [36m[1m[vite][22m[39m [32mhmr update [39m[2m/src/App.tsx[22m
[2m23:36:13[22m [36m[1m[vite][22m[39m [32mhmr update [39m[2m/src/App.tsx[22m
[2m23:45:51[22m [36m[1m[vite][22m[39m [32mhmr update [39m[2m/src/App.tsx[22m
[2m00:24:46[22m [36m[1m[vite][22m[39m [32mhmr update [39m[2m/src/App.tsx[22m
[2m00:59:47[22m [36m[1m[vite][22m[39m [32mhmr update [39m[2m/src/App.tsx[22m
[2m00:59:47[22m [36m[1m[vite][22m[39m [32mhmr update [39m[2m/src/App.tsx[22m
[2m01:27:38[22m [36m[1m[vite][22m[39m [32mvite.config.ts changed, restarting server...[39m
[2m01:27:39[22m [36m[1m[vite][22m[39m server restarted.
[2m01:33:31[22m [36m[1m[vite][22m[39m [32m.env changed, restarting server...[39m
[2m01:33:31[22m [36m[1m[vite][22m[39m server restarted.
[2m01:36:49[22m [36m[1m[vite][22m[39m [32m.env changed, restarting server...[39m
[2m01:36:49[22m [36m[1m[vite][22m[39m server restarted.
[2m01:39:35[22m [36m[1m[vite][22m[39m [32mvite.config.ts changed, restarting server...[39m
[2m01:39:35[22m [36m[1m[vite][22m[39m [32m.env changed, restarting server...[39m
[2m01:39:35[22m [36m[1m[vite][22m[39m server restarted.
[2m01:43:52[22m [36m[1m[vite][22m[39m [32mvite.config.ts changed, restarting server...[39m
[2m01:43:52[22m [36m[1m[vite][22m[39m [32m.env changed, restarting server...[39m
[2m01:43:53[22m [36m[1m[vite][22m[39m server restarted.
[2m02:01:50[22m [36m[1m[vite][22m[39m [32mvite.config.ts changed, restarting server...[39m
[2m02:01:50[22m [36m[1m[vite][22m[39m [32m.env changed, restarting server...[39m
[2m02:01:51[22m [36m[1m[vite][22m[39m server restarted.
[2m02:09:45[22m [36m[1m[vite][22m[39m [32mvite.config.ts changed, restarting server...[39m
[2m02:09:46[22m [36m[1m[vite][22m[39m server restarted.
[2m02:09:46[22m [36m[1m[vite][22m[39m [32m.env changed, restarting server...[39m
[2m02:09:46[22m [36m[1m[vite][22m[39m server restarted.
[2m02:10:43[22m [36m[1m[vite][22m[39m [32mvite.config.ts changed, restarting server...[39m
[2m02:10:43[22m [36m[1m[vite][22m[39m server restarted.
[2m02:12:21[22m [36m[1m[vite][22m[39m [32mvite.config.ts changed, restarting server...[39m
[2m02:12:21[22m [36m[1m[vite][22m[39m server restarted.
[2m02:12:22[22m [36m[1m[vite][22m[39m [32m.env changed, restarting server...[39m
[2m02:12:22[22m [36m[1m[vite][22m[39m server restarted.
[2m09:45:27[22m [36m[1m[vite][22m[39m [32mvite.config.ts changed, restarting server...[39m
[2m09:45:27[22m [36m[1m[vite][22m[39m [32mhmr update [39m[2m/src/App.tsx[22m
[2m09:45:27[22m [36m[1m[vite][22m[39m [32m.env changed, restarting server...[39m
[2m09:45:28[22m [36m[1m[vite][22m[39m server restarted.
[2m14:41:01[22m [36m[1m[vite][22m[39m [32mvite.config.ts changed, restarting server...[39m
[2m14:41:02[22m [36m[1m[vite][22m[39m [32m.env changed, restarting server...[39m
[2m14:41:02[22m [36m[1m[vite][22m[39m server restarted.
[2m15:33:49[22m [36m[1m[vite][22m[39m [32mvite.config.ts changed, restarting server...[39m
[2m15:33:49[22m [36m[1m[vite][22m[39m [32m.env changed, restarting server...[39m
[2m15:33:50[22m [36m[1m[vite][22m[39m server restarted.
[2m15:41:37[22m [36m[1m[vite][22m[39m [32mvite.config.ts changed, restarting server...[39m
[2m15:41:37[22m [36m[1m[vite][22m[39m [32mvite.config.ts changed, restarting server...[39m
[2m15:41:37[22m [36m[1m[vite][22m[39m [32m.env changed, restarting server...[39m
[2m15:41:37[22m [36m[1m[vite][22m[39m server restarted.
[2m15:58:41[22m [36m[1m[vite][22m[39m [32mvite.config.ts changed, restarting server...[39m
[2m15:58:41[22m [36m[1m[vite][22m[39m [32mhmr update [39m[2m/src/App.tsx[22m
[2m15:58:41[22m [36m[1m[vite][22m[39m [32m.env changed, restarting server...[39m
[2m15:58:42[22m [36m[1m[vite][22m[39m server restarted.
[2m16:04:45[22m [36m[1m[vite][22m[39m [32mvite.config.ts changed, restarting server...[39m
[2m16:04:45[22m [36m[1m[vite][22m[39m [32m.env changed, restarting server...[39m
[2m16:04:45[22m [36m[1m[vite][22m[39m server restarted.
[2m16:04:51[22m [36m[1m[vite][22m[39m [32mvite.config.ts changed, restarting server...[39m
[2m16:04:51[22m [36m[1m[vite][22m[39m [32m.env changed, restarting server...[39m
[2m16:04:51[22m [36m[1m[vite][22m[39m server restarted.
[2m16:05:11[22m [36m[1m[vite][22m[39m [32mvite.config.ts changed, restarting server...[39m
[2m16:05:11[22m [36m[1m[vite][22m[39m server restarted.
[2m16:05:11[22m [36m[1m[vite][22m[39m [32m.env changed, restarting server...[39m
[2m16:05:11[22m [36m[1m[vite][22m[39m server restarted.
[2m16:05:12[22m [36m[1m[vite][22m[39m [32mhmr update [39m[2m/src/App.tsx[22m
[2m18:07:24[22m [36m[1m[vite][22m[39m [32mhmr update [39m[2m/src/App.tsx[22m
[2m18:07:25[22m [36m[1m[vite][22m[39m [32mhmr update [39m[2m/src/App.tsx[22m
[2m18:07:27[22m [36m[1m[vite][22m[39m [32mhmr update [39m[2m/src/App.tsx[22m
[2m18:07:28[22m [36m[1m[vite][22m[39m [32mhmr update [39m[2m/src/App.tsx[22m
[2m18:07:30[22m [36m[1m[vite][22m[39m [32mhmr update [39m[2m/src/App.tsx[22m
[2m18:07:43[22m [36m[1m[vite][22m[39m [32mhmr update [39m[2m/src/App.tsx[22m
[2m18:07:44[22m [36m[1m[vite][22m[39m [32mhmr update [39m[2m/src/App.tsx[22m
[2m18:07:46[22m [36m[1m[vite][22m[39m [32mhmr update [39m[2m/src/App.tsx[22m
[2m18:07:55[22m [36m[1m[vite][22m[39m [32mhmr update [39m[2m/src/App.tsx[22m
[2m18:08:08[22m [36m[1m[vite][22m[39m [32mhmr update [39m[2m/src/App.tsx[22m
[2m18:08:09[22m [36m[1m[vite][22m[39m [32mhmr update [39m[2m/src/App.tsx[22m
[2m18:08:10[22m [36m[1m[vite][22m[39m [32mhmr update [39m[2m/src/App.tsx[22m
[2m18:08:11[22m [36m[1m[vite][22m[39m [32mhmr update [39m[2m/src/App.tsx[22m
[2m18:08:20[22m [36m[1m[vite][22m[39m [32mhmr update [39m[2m/src/App.tsx[22m
[2m18:08:28[22m [36m[1m[vite][22m[39m [32mhmr update [39m[2m/src/App.tsx[22m
[2m18:08:39[22m [36m[1m[vite][22m[39m [32mhmr update [39m[2m/src/App.tsx[22m
[2m18:08:49[22m [36m[1m[vite][22m[39m [32mhmr update [39m[2m/src/App.tsx[22m
[2m18:08:53[22m [36m[1m[vite][22m[39m [32mhmr update [39m[2m/src/App.tsx[22m
[2m18:09:01[22m [36m[1m[vite][22m[39m [32mhmr update [39m[2m/src/App.tsx[22m
[2m18:09:02[22m [36m[1m[vite][22m[39m [32mhmr update [39m[2m/src/App.tsx[22m
[2m18:09:03[22m [36m[1m[vite][22m[39m [32mhmr update [39m[2m/src/App.tsx[22m
[2m18:09:44[22m [36m[1m[vite][22m[39m [32mhmr update [39m[2m/src/App.tsx[22m
[2m18:11:58[22m [36m[1m[vite][22m[39m [32mhmr update [39m[2m/src/App.tsx[22m
[2m18:11:58[22m [36m[1m[vite][22m[39m [32mvite.config.ts changed, restarting server...[39m
[2m18:11:58[22m [36m[1m[vite][22m[39m [32m.env changed, restarting server...[39m
[2m18:11:58[22m [36m[1m[vite][22m[39m server restarted.
[2m18:22:38[22m [36m[1m[vite][22m[39m [32mvite.config.ts changed, restarting server...[39m
[2m18:22:39[22m [36m[1m[vite][22m[39m [32m.env changed, restarting server...[39m
[2m18:22:39[22m [36m[1m[vite][22m[39m server restarted.
[2m20:04:47[22m [36m[1m[vite][22m[39m [32mvite.config.ts changed, restarting server...[39m
[2m20:04:47[22m [36m[1m[vite][22m[39m [32m.env changed, restarting server...[39m
[2m20:04:47[22m [36m[1m[vite][22m[39m [32mhmr update [39m[2m/src/App.tsx[22m
[2m20:04:47[22m [36m[1m[vite][22m[39m [32mhmr update [39m[2m/src/App.tsx[22m
[2m20:04:48[22m [36m[1m[vite][22m[39m server restarted.
[2m14:42:45[22m [36m[1m[vite][22m[39m [32m.env changed, restarting server...[39m
[2m14:42:46[22m [36m[1m[vite][22m[39m [32mvite.config.ts changed, restarting server...[39m
[2m14:42:46[22m [36m[1m[vite][22m[39m [32m.env changed, restarting server...[39m
[2m14:42:50[22m [36m[1m[vite][22m[39m server restarted.
[2m13:33:23[22m [36m[1m[vite][22m[39m [32mhmr update [39m[2m/src/App.tsx[22m
[2m13:33:24[22m [36m[1m[vite][22m[39m [32mhmr update [39m[2m/src/index.css[22m
[2m13:33:24[22m [36m[1m[vite][22m[39m [32m.env changed, restarting server...[39m
[2m13:33:24[22m [36m[1m[vite][22m[39m [32mhmr update [39m[2m/src/components/BamInterpolationComparisonTable.tsx[22m
[2m13:33:24[22m [36m[1m[vite][22m[39m [32mhmr update [39m[2m/src/App.tsx[22m
[2m13:33:24[22m [36m[1m[vite][22m[39m [32mvite.config.ts changed, restarting server...[39m
[2m13:33:24[22m [36m[1m[vite][22m[39m [32m.env changed, restarting server...[39m
[2m13:33:24[22m [36m[1m[vite][22m[39m [32mhmr update [39m[2m/src/components/BamInterpolationComparisonTable.tsx[22m
[2m13:33:34[22m [36m[1m[vite][22m[39m server restarted.
[2m13:57:18[22m [36m[1m[vite][22m[39m [32mhmr update [39m[2m/src/App.tsx[22m
[2m13:57:18[22m [36m[1m[vite][22m[39m [32m.env changed, restarting server...[39m
[2m13:57:19[22m [36m[1m[vite][22m[39m [32mhmr update [39m[2m/src/components/BamInterpolationComparisonTable.tsx[22m
[2m13:57:19[22m [36m[1m[vite][22m[39m [32mhmr update [39m[2m/src/index.css[22m
[2m13:57:19[22m [36m[1m[vite][22m[39m [32mhmr update [39m[2m/src/App.tsx[22m
[2m13:57:19[22m [36m[1m[vite][22m[39m [32mhmr update [39m[2m/src/App.tsx[22m
[2m13:57:19[22m [36m[1m[vite][22m[39m [32mvite.config.ts changed, restarting server...[39m
[2m13:57:19[22m [36m[1m[vite][22m[39m [32m.env changed, restarting server...[39m
[2m13:57:19[22m [36m[1m[vite][22m[39m server restarted.
[2m11:33:01[22m [36m[1m[vite][22m[39m [32mhmr update [39m[2m/src/App.tsx[22m
[2m11:33:01[22m [36m[1m[vite][22m[39m [32m.env changed, restarting server...[39m
[2m11:33:02[22m [36m[1m[vite][22m[39m [32mhmr update [39m[2m/src/components/BamInterpolationComparisonTable.tsx[22m
[2m11:33:02[22m [36m[1m[vite][22m[39m [32mhmr update [39m[2m/src/index.css[22m
[2m11:33:02[22m [36m[1m[vite][22m[39m [32mhmr update [39m[2m/src/App.tsx[22m
[2m11:33:02[22m [36m[1m[vite][22m[39m [32mvite.config.ts changed, restarting server...[39m
[2m11:33:03[22m [36m[1m[vite][22m[39m server restarted.
